ProGuard, version 6.0.3
ProGuard is released under the GNU General Public License. You therefore
must ensure that programs that link to it (a, com.a4455jkjh.b, ...)
carry the GNU General Public License as well. Alternatively, you can
apply for an exception with the author of ProGuard.
Reading input...
Reading program directory [/storage/emulated/0/AppProjects/文件分享4.3/app/build/bin/classesrelease_proguard]
Reading program jar [/storage/emulated/0/AppProjects/文件分享4.3/app/libs/core-3.2.1.jar]
Reading program jar [/storage/emulated/0/AppProjects/文件分享4.3/app/libs/top.fols.box.jar]
Reading library jar [/data/data/com.aide.ui1/no_backup/.aide/android.jar]
Initializing...
Note: the configuration refers to the unknown class 'com.google.vending.licensing.ILicensingService'
Note: the configuration refers to the unknown class 'com.android.vending.licensing.ILicensingService'
Note: the configuration refers to the unknown class 'android.support.annotation.Keep'
Note: the configuration refers to the unknown class 'android.support.annotation.Keep'
Note: the configuration refers to the unknown class 'android.support.annotation.Keep'
Note: the configuration refers to the unknown class 'android.support.annotation.Keep'
Note: the configuration refers to the unknown class 'android.support.annotation.Keep'
Note: top.fols.box.lang.reflect.XReflect calls 'Field.getType'
Note: top.fols.box.util.HashMapUtils9 calls 'Class.getGenericInterfaces'
